7.000000 9.000000 3.000000 8.000000 0.000000
2.000000 4.000000 8.000000 3.000000 9.000000
0.000000 5.000000 2.000000 2.000000 7.000000
3.000000 7.000000 9.000000 0.000000 2.000000
3.000000 9.000000 9.000000 7.000000 0.000000
3.000000 9.000000 8.000000 6.000000 5.000000
7.000000 6.000000 2.000000 7.000000 0.000000
3.000000 9.000000 9.000000 9.000000 1.000000
7.000000 2.000000 3.000000 6.000000 5.000000
5.000000 8.000000 1.000000 4.000000 7.000000
0.000000 0.000000 0.000000 0.000000 0.000000
0.000000 0.000000 0.000000 0.000000 0.000000
0.000000 0.000000 0.000000 0.000000 0.000000
0.000000 0.000000 0.000000 0.000000 0.000000
0.000000 0.000000 0.000000 0.000000 0.000000
0.080262 1.129402 0.099509 -0.317158 0.154996
1.449631 -0.744472 -0.468059 0.781941 -0.241400
-0.786241 -1.206388 0.974201 0.224201 1.262285
5.295659 2.231777 -3.679361 -0.762695 -2.426495
1.370188 0.780508 -0.194103 -0.360770 -0.693284
