7.000000 9.000000 3.000000 8.000000 0.000000 2.000000 4.000000 8.000000
3.000000 9.000000 0.000000 5.000000 2.000000 2.000000 7.000000 3.000000
7.000000 9.000000 0.000000 2.000000 3.000000 9.000000 9.000000 7.000000
0.000000 3.000000 9.000000 8.000000 6.000000 5.000000 7.000000 6.000000
2.000000 7.000000 0.000000 3.000000 9.000000 9.000000 9.000000 1.000000
7.000000 2.000000 3.000000 6.000000 5.000000 5.000000 8.000000 1.000000
4.000000 7.000000 1.000000 3.000000 8.000000 4.000000 8.000000 0.000000
4.000000 6.000000 0.000000 3.000000 2.000000 6.000000 9.000000
4.000000 1.000000 3.000000 7.000000 8.000000 8.000000 3.000000
8.000000 1.000000 5.000000 3.000000 5.000000 4.000000 3.000000
6.000000 5.000000 9.000000 5.000000 4.000000 9.000000 1.000000
7.000000 5.000000 5.000000 4.000000 1.000000 8.000000 8.000000
3.000000 5.000000 2.000000 2.000000 6.000000 6.000000 7.000000
8.000000 4.000000 1.000000 7.000000 1.000000 8.000000 7.000000
8.000000 7.000000 7.000000 4.000000 4.000000 9.000000 1.000000
5.000000 5.000000 5.000000 8.000000 2.000000 9.000000 8.000000 2.000000
0.000000 7.000000 4.000000 8.000000 5.000000 8.000000 3.000000 0.000000
6.000000 2.000000 2.000000 5.000000 2.000000 2.000000 7.000000 1.000000
5.000000 2.000000 1.000000 1.000000 0.000000 1.000000 8.000000 7.000000
6.000000 0.000000 0.000000 9.000000 5.000000 6.000000 2.000000 8.000000
5.000000 9.000000 4.000000 3.000000 9.000000 0.000000 5.000000 6.000000
3.000000 6.000000 3.000000 0.000000 8.000000 4.000000 0.000000 4.000000
6.000000 4.000000 6.000000 4.000000 3.000000 8.000000 4.000000
0.000000 0.000000 9.000000 3.000000 7.000000 5.000000 7.000000
2.000000 9.000000 7.000000 5.000000 6.000000 5.000000 3.000000
0.000000 4.000000 8.000000 5.000000 5.000000 5.000000 4.000000
2.000000 1.000000 9.000000 2.000000 4.000000 5.000000 8.000000
6.000000 2.000000 5.000000 1.000000 3.000000 9.000000 7.000000
3.000000 7.000000 5.000000 0.000000 2.000000 1.000000 8.000000
7.000000 1.000000 5.000000 5.000000 8.000000 5.000000 6.000000
238.000000 176.000000 178.000000 197.000000 181.000000 314.000000 157.000000
178.000000 121.000000 114.000000 170.000000 131.000000 246.000000 141.000000
252.000000 206.000000 136.000000 215.000000 188.000000 345.000000 249.000000
293.000000 177.000000 215.000000 195.000000 168.000000 320.000000 182.000000
224.000000 167.000000 127.000000 191.000000 148.000000 302.000000 241.000000
218.000000 166.000000 125.000000 164.000000 116.000000 267.000000 216.000000
202.000000 139.000000 109.000000 175.000000 121.000000 263.000000 211.000000
3121.000000 3091.000000 7212.000000 3097.000000 4980.000000 5575.000000 6321.000000
3980.000000 3763.000000 7803.000000 3618.000000 5506.000000 6141.000000 7012.000000
3364.000000 3538.000000 6836.000000 3079.000000 4653.000000 5473.000000 6098.000000
4187.000000 4669.000000 9124.000000 4032.000000 6177.000000 6987.000000 8079.000000
3975.000000 4272.000000 9001.000000 3869.000000 6126.000000 6895.000000 7938.000000
3359.000000 3222.000000 7401.000000 3285.000000 5111.000000 5821.000000 6475.000000
3941.000000 4100.000000 8553.000000 3720.000000 5930.000000 6578.000000 7641.000000
4330.000000 4905.000000 9713.000000 4252.000000 6552.000000 7477.000000 8553.000000
215169645.000000 223034256.000000 465994773.000000 205602649.000000 320492134.000000 361158967.000000 412951559.000000
164164388.000000 170289005.000000 355562997.000000 156855622.000000 244495757.000000 275569686.000000 315092935.000000
234349784.000000 242918521.000000 507428411.000000 223863109.000000 349003118.000000 393236923.000000 449717014.000000
232268042.000000 240721364.000000 502942272.000000 221945158.000000 345922099.000000 389806229.000000 445692839.000000
206460520.000000 214015148.000000 447067194.000000 197226463.000000 307483360.000000 346462367.000000 396217315.000000
187433979.000000 194279917.000000 405767810.000000 179039957.000000 279093497.000000 314460284.000000 359625999.000000
180255673.000000 186923197.000000 390318342.000000 172193655.000000 268427422.000000 302489859.000000 345921430.000000
